<?xml version="1.0" encoding="UTF-8" ?>
<testsuite errors="0" failures="0" hostname="quickselect-PC" name="org.springframework.expression.spel.PropertyAccessTests" tests="7" time="0.015" timestamp="2011-01-17T15:30:23">
  <properties>
[...]
</properties>
  <testcase classname="org.springframework.expression.spel.PropertyAccessTests" name="testSimpleAccess01" time="0.0" />
  <testcase classname="org.springframework.expression.spel.PropertyAccessTests" name="testSimpleAccess02" time="0.0" />
  <testcase classname="org.springframework.expression.spel.PropertyAccessTests" name="testSimpleAccess03" time="0.0" />
  <testcase classname="org.springframework.expression.spel.PropertyAccessTests" name="testNonExistentPropertiesAndMethods" time="0.0" />
  <testcase classname="org.springframework.expression.spel.PropertyAccessTests" name="testAccessingOnNullObject" time="0.0" />
  <testcase classname="org.springframework.expression.spel.PropertyAccessTests" name="testAddingSpecificPropertyAccessor" time="0.015" />
  <testcase classname="org.springframework.expression.spel.PropertyAccessTests" name="testAddingRemovingAccessors" time="0.0" />
  <system-out><![CDATA[]]></system-out>
  <system-err><![CDATA[]]></system-err>
</testsuite>
